<?xml version="1.0" encoding="UTF-8"?>
<testsuite name="digitalinnovation.example.restfull.RestfullApplicationTests" tests="1" skipped="0" failures="0" errors="0" timestamp="2020-07-14T15:23:01" hostname="lucas-pc" time="0.075">
  <properties/>
  <testcase name="contextLoads" classname="digitalinnovation.example.restfull.RestfullApplicationTests" time="0.075"/>
  <system-out><![CDATA[12:22:56.915 [Test worker] DEBUG org.springframework.test.context.junit4.SpringJUnit4ClassRunner - SpringJUnit4ClassRunner constructor called with [class digitalinnovation.example.restfull.RestfullApplicationTests]
12:22:56.921 [Test worker] DEBUG org.springframework.test.context.BootstrapUtils - Instantiating CacheAwareContextLoaderDelegate from class [org.springframework.test.context.cache.DefaultCacheAwareContextLoaderDelegate]
12:22:56.931 [Test worker] DEBUG org.springframework.test.context.BootstrapUtils - Instantiating BootstrapContext using constructor [public org.springframework.test.context.support.DefaultBootstrapContext(java.lang.Class,org.springframework.test.context.CacheAwareContextLoaderDelegate)]
12:22:56.944 [Test worker] DEBUG org.springframework.test.context.BootstrapUtils - Instantiating TestContextBootstrapper for test class [digitalinnovation.example.restfull.RestfullApplicationTests] from class [org.springframework.boot.test.context.SpringBootTestContextBootstrapper]
12:22:56.951 [Test worker] INFO org.springframework.boot.test.context.SpringBootTestContextBootstrapper - Neither @ContextConfiguration nor @ContextHierarchy found for test class [digitalinnovation.example.restfull.RestfullApplicationTests], using SpringBootContextLoader
12:22:56.954 [Test worker] DEBUG org.springframework.test.context.support.AbstractContextLoader - Did not detect default resource location for test class [digitalinnovation.example.restfull.RestfullApplicationTests]: class path resource [digitalinnovation/example/restfull/RestfullApplicationTests-context.xml] does not exist
12:22:56.955 [Test worker] DEBUG org.springframework.test.context.support.AbstractContextLoader - Did not detect default resource location for test class [digitalinnovation.example.restfull.RestfullApplicationTests]: class path resource [digitalinnovation/example/restfull/RestfullApplicationTestsContext.groovy] does not exist
12:22:56.955 [Test worker] INFO org.springframework.test.context.support.AbstractContextLoader - Could not detect default resource locations for test class [digitalinnovation.example.restfull.RestfullApplicationTests]: no resource found for suffixes {-context.xml, Context.groovy}.
12:22:56.956 [Test worker] INFO org.springframework.test.context.support.AnnotationConfigContextLoaderUtils - Could not detect default configuration classes for test class [digitalinnovation.example.restfull.RestfullApplicationTests]: RestfullApplicationTests does not declare any static, non-private, non-final, nested classes annotated with @Configuration.
12:22:56.997 [Test worker] DEBUG org.springframework.test.context.support.ActiveProfilesUtils - Could not find an 'annotation declaring class' for annotation type [org.springframework.test.context.ActiveProfiles] and class [digitalinnovation.example.restfull.RestfullApplicationTests]
12:22:57.047 [Test worker] DEBUG org.springframework.context.annotation.ClassPathScanningCandidateComponentProvider - Identified candidate component class: file [/home/lucas/Desktop/CODIGOS/DIO/SoldadoRest/build/classes/java/main/digitalinnovation/example/RestfullApplication.class]
12:22:57.048 [Test worker] INFO org.springframework.boot.test.context.SpringBootTestContextBootstrapper - Found @SpringBootConfiguration digitalinnovation.example.RestfullApplication for test class digitalinnovation.example.restfull.RestfullApplicationTests
12:22:57.111 [Test worker] DEBUG org.springframework.boot.test.context.SpringBootTestContextBootstrapper - @TestExecutionListeners is not present for class [digitalinnovation.example.restfull.RestfullApplicationTests]: using defaults.
12:22:57.112 [Test worker] INFO org.springframework.boot.test.context.SpringBootTestContextBootstrapper - Loaded default TestExecutionListener class names from location [META-INF/spring.factories]: [org.springframework.boot.test.autoconfigure.restdocs.RestDocsTestExecutionListener, org.springframework.boot.test.autoconfigure.web.client.MockRestServiceServerResetTestExecutionListener, org.springframework.boot.test.autoconfigure.web.servlet.MockMvcPrintOnlyOnFailureTestExecutionListener, org.springframework.boot.test.autoconfigure.web.servlet.WebDriverTestExecutionListener, org.springframework.boot.test.mock.mockito.MockitoTestExecutionListener, org.springframework.boot.test.mock.mockito.ResetMocksTestExecutionListener, org.springframework.test.context.web.ServletTestExecutionListener, org.springframework.test.context.support.DirtiesContextBeforeModesTestExecutionListener, org.springframework.test.context.support.DependencyInjectionTestExecutionListener, org.springframework.test.context.support.DirtiesContextTestExecutionListener, org.springframework.test.context.transaction.TransactionalTestExecutionListener, org.springframework.test.context.jdbc.SqlScriptsTestExecutionListener]
12:22:57.123 [Test worker] INFO org.springframework.boot.test.context.SpringBootTestContextBootstrapper - Using TestExecutionListeners: [org.springframework.test.context.web.ServletTestExecutionListener@3de8fec8, org.springframework.test.context.support.DirtiesContextBeforeModesTestExecutionListener@7398d513, org.springframework.boot.test.mock.mockito.MockitoTestExecutionListener@22152314, org.springframework.boot.test.autoconfigure.SpringBootDependencyInjectionTestExecutionListener@3be71ede, org.springframework.test.context.support.DirtiesContextTestExecutionListener@4103b9d4, org.springframework.test.context.transaction.TransactionalTestExecutionListener@7486dcaa, org.springframework.test.context.jdbc.SqlScriptsTestExecutionListener@7f005cad, org.springframework.boot.test.autoconfigure.restdocs.RestDocsTestExecutionListener@7c12bc7d, org.springframework.boot.test.autoconfigure.web.client.MockRestServiceServerResetTestExecutionListener@20037732, org.springframework.boot.test.autoconfigure.web.servlet.MockMvcPrintOnlyOnFailureTestExecutionListener@62229c14, org.springframework.boot.test.autoconfigure.web.servlet.WebDriverTestExecutionListener@1f3a41c9, org.springframework.boot.test.mock.mockito.ResetMocksTestExecutionListener@76a2f707]
12:22:57.125 [Test worker] DEBUG org.springframework.test.annotation.ProfileValueUtils - Retrieved @ProfileValueSourceConfiguration [null] for test class [digitalinnovation.example.restfull.RestfullApplicationTests]
12:22:57.125 [Test worker] DEBUG org.springframework.test.annotation.ProfileValueUtils - Retrieved ProfileValueSource type [class org.springframework.test.annotation.SystemProfileValueSource] for class [digitalinnovation.example.restfull.RestfullApplicationTests]
12:22:57.126 [Test worker] DEBUG org.springframework.test.annotation.ProfileValueUtils - Retrieved @ProfileValueSourceConfiguration [null] for test class [digitalinnovation.example.restfull.RestfullApplicationTests]
12:22:57.126 [Test worker] DEBUG org.springframework.test.annotation.ProfileValueUtils - Retrieved ProfileValueSource type [class org.springframework.test.annotation.SystemProfileValueSource] for class [digitalinnovation.example.restfull.RestfullApplicationTests]
12:22:57.129 [Test worker] DEBUG org.springframework.test.context.support.AbstractDirtiesContextTestExecutionListener - Before test class: context [DefaultTestContext@2fcd62f6 testClass = RestfullApplicationTests, testInstance = [null], testMethod = [null], testException = [null], mergedContextConfiguration = [WebMergedContextConfiguration@5f759421 testClass = RestfullApplicationTests, locations = '{}', classes = '{class digitalinnovation.example.RestfullApplication}', contextInitializerClasses = '[]', activeProfiles = '{}', propertySourceLocations = '{}', propertySourceProperties = '{org.springframework.boot.test.context.SpringBootTestContextBootstrapper=true}', contextCustomizers = set[org.springframework.boot.test.autoconfigure.properties.PropertyMappingContextCustomizer@0, org.springframework.boot.test.autoconfigure.web.servlet.WebDriverContextCustomizerFactory$Customizer@4fb316f3, org.springframework.boot.test.context.filter.ExcludeFilterContextCustomizer@6ca4a2f7, org.springframework.boot.test.json.DuplicateJsonObjectContextCustomizerFactory$DuplicateJsonObjectContextCustomizer@25889c16, org.springframework.boot.test.mock.mockito.MockitoContextCustomizer@0, org.springframework.boot.test.web.client.TestRestTemplateContextCustomizer@36567877], resourceBasePath = 'src/main/webapp', contextLoader = 'org.springframework.boot.test.context.SpringBootContextLoader', parent = [null]], attributes = map['org.springframework.test.context.web.ServletTestExecutionListener.activateListener' -> true]], class annotated with @DirtiesContext [false] with mode [null].
12:22:57.130 [Test worker] DEBUG org.springframework.test.annotation.ProfileValueUtils - Retrieved @ProfileValueSourceConfiguration [null] for test class [digitalinnovation.example.restfull.RestfullApplicationTests]
12:22:57.130 [Test worker] DEBUG org.springframework.test.annotation.ProfileValueUtils - Retrieved ProfileValueSource type [class org.springframework.test.annotation.SystemProfileValueSource] for class [digitalinnovation.example.restfull.RestfullApplicationTests]
12:22:57.143 [Test worker] DEBUG org.springframework.test.context.support.TestPropertySourceUtils - Adding inlined properties to environment: {spring.jmx.enabled=false, org.springframework.boot.test.context.SpringBootTestContextBootstrapper=true, server.port=-1}

  .   ____          _            __ _ _
 /\\ / ___'_ __ _ _(_)_ __  __ _ \ \ \ \
( ( )\___ | '_ | '_| | '_ \/ _` | \ \ \ \
 \\/  ___)| |_)| | | | | || (_| |  ) ) ) )
  '  |____| .__|_| |_|_| |_\__, | / / / /
 =========|_|==============|___/=/_/_/_/
 :: Spring Boot ::        (v2.1.8.RELEASE)

2020-07-14 12:22:57.498  INFO 57099 --- [    Test worker] d.e.restfull.RestfullApplicationTests    : Starting RestfullApplicationTests on lucas-pc with PID 57099 (started by lucas in /home/lucas/Desktop/CODIGOS/DIO/SoldadoRest)
2020-07-14 12:22:57.499  INFO 57099 --- [    Test worker] d.e.restfull.RestfullApplicationTests    : No active profile set, falling back to default profiles: default
2020-07-14 12:22:58.462  INFO 57099 --- [    Test worker] .s.d.r.c.RepositoryConfigurationDelegate : Bootstrapping Spring Data repositories in DEFAULT mode.
2020-07-14 12:22:58.529  INFO 57099 --- [    Test worker] .s.d.r.c.RepositoryConfigurationDelegate : Finished Spring Data repository scanning in 60ms. Found 1 repository interfaces.
2020-07-14 12:22:58.912  INFO 57099 --- [    Test worker] trationDelegate$BeanPostProcessorChecker : Bean 'org.springframework.transaction.annotation.ProxyTransactionManagementConfiguration' of type [org.springframework.transaction.annotation.ProxyTransactionManagementConfiguration$$EnhancerBySpringCGLIB$$9591353c] is not eligible for getting processed by all BeanPostProcessors (for example: not eligible for auto-proxying)
2020-07-14 12:22:58.947  INFO 57099 --- [    Test worker] trationDelegate$BeanPostProcessorChecker : Bean 'org.springframework.hateoas.config.HateoasConfiguration' of type [org.springframework.hateoas.config.HateoasConfiguration$$EnhancerBySpringCGLIB$$1511826e] is not eligible for getting processed by all BeanPostProcessors (for example: not eligible for auto-proxying)
2020-07-14 12:22:59.105  INFO 57099 --- [    Test worker] com.zaxxer.hikari.HikariDataSource       : HikariPool-1 - Starting...
2020-07-14 12:22:59.183  INFO 57099 --- [    Test worker] com.zaxxer.hikari.pool.PoolBase          : HikariPool-1 - Driver does not support get/set network timeout for connections. (Receiver class org.h2.jdbc.JdbcConnection does not define or inherit an implementation of the resolved method 'abstract int getNetworkTimeout()' of interface java.sql.Connection.)
2020-07-14 12:22:59.199  INFO 57099 --- [    Test worker] com.zaxxer.hikari.HikariDataSource       : HikariPool-1 - Start completed.
2020-07-14 12:22:59.276  INFO 57099 --- [    Test worker] o.hibernate.jpa.internal.util.LogHelper  : HHH000204: Processing PersistenceUnitInfo [
	name: default
	...]
2020-07-14 12:22:59.357  INFO 57099 --- [    Test worker] org.hibernate.Version                    : HHH000412: Hibernate Core {5.3.11.Final}
2020-07-14 12:22:59.362  INFO 57099 --- [    Test worker] org.hibernate.cfg.Environment            : HHH000206: hibernate.properties not found
2020-07-14 12:22:59.493  INFO 57099 --- [    Test worker] o.hibernate.annotations.common.Version   : HCANN000001: Hibernate Commons Annotations {5.0.4.Final}
2020-07-14 12:22:59.595  INFO 57099 --- [    Test worker] org.hibernate.dialect.Dialect            : HHH000400: Using dialect: org.hibernate.dialect.H2Dialect
2020-07-14 12:22:59.601  WARN 57099 --- [    Test worker] org.hibernate.dialect.H2Dialect          : HHH000393: The 1.0.60 version of H2 implements temporary table creation such that it commits current transaction; multi-table, bulk hql/jpaql will not work properly
2020-07-14 12:22:59.631  INFO 57099 --- [    Test worker] o.h.e.j.e.i.LobCreatorBuilderImpl        : HHH000423: Disabling contextual LOB creation as JDBC driver reported JDBC version [3] less than 4
2020-07-14 12:23:00.050  INFO 57099 --- [    Test worker] o.h.t.schema.internal.SchemaCreatorImpl  : HHH000476: Executing import script 'org.hibernate.tool.schema.internal.exec.ScriptSourceInputNonExistentImpl@2db0b901'
2020-07-14 12:23:00.052  INFO 57099 --- [    Test worker] j.LocalContainerEntityManagerFactoryBean : Initialized JPA EntityManagerFactory for persistence unit 'default'
2020-07-14 12:23:00.905  INFO 57099 --- [    Test worker] o.s.s.concurrent.ThreadPoolTaskExecutor  : Initializing ExecutorService 'applicationTaskExecutor'
2020-07-14 12:23:00.952  WARN 57099 --- [    Test worker] aWebConfiguration$JpaWebMvcConfiguration : spring.jpa.open-in-view is enabled by default. Therefore, database queries may be performed during view rendering. Explicitly configure spring.jpa.open-in-view to disable this warning
2020-07-14 12:23:01.349  INFO 57099 --- [    Test worker] d.e.restfull.RestfullApplicationTests    : Started RestfullApplicationTests in 4.199 seconds (JVM running for 5.114)
]]></system-out>
  <system-err><![CDATA[]]></system-err>
</testsuite>
